<?xml version="1.0" encoding="UTF-8"?>
<!-- Generated by org.testng.reporters.JUnitXMLReporter -->
<testsuite hostname="NetPC" ignored="0" name="Default test" tests="7" failures="0" timestamp="2020-03-30T14:49:06 CDT" time="154.541" errors="0">
  <testcase name="mosaicCustomerFormSelected" time="19.538" classname="GitProject.AtumationGitProject.HomePageTest"/>
  <testcase name="thirdPartyForm" time="18.011" classname="GitProject.AtumationGitProject.HomePageTest"/>
  <testcase name="thirdPartyForm" time="20.19" classname="GitProject.AtumationGitProject.HomePageTest"/>
  <testcase name="thirdPartyForm" time="25.412" classname="GitProject.AtumationGitProject.HomePageTest"/>
  <testcase name="thirdPartyFormFieldValidation" time="17.372" classname="GitProject.AtumationGitProject.HomePageTest"/>
  <testcase name="thirdPartyFormIncomplete" time="19.388" classname="GitProject.AtumationGitProject.HomePageTest"/>
  <testcase name="thirdPartyFormSelected" time="22.18" classname="GitProject.AtumationGitProject.HomePageTest"/>
</testsuite> <!-- Default test -->
