<?xml version="1.0" encoding="UTF-8"?>
<!-- Generated by org.testng.reporters.JUnitXMLReporter -->
<testsuite hostname="NetPC" ignored="0" name="Test" tests="3" failures="0" timestamp="2020-03-21T21:15:23 CDT" time="23.926" errors="0">
  <testcase name="thirdPartyForm" time="9.956" classname="GitProject.AtumationGitProject.HomePageTest"/>
  <testcase name="thirdPartyFormIncomplete" time="0.001" classname="GitProject.AtumationGitProject.HomePageTest"/>
  <testcase name="thirdPartyFormSelected" time="0.406" classname="GitProject.AtumationGitProject.HomePageTest"/>
</testsuite> <!-- Test -->
