<?xml version="1.0" encoding="UTF-8"?>
<!-- Generated by org.testng.reporters.JUnitXMLReporter -->
<testsuite hostname="NetPC" ignored="0" name="Test" tests="7" failures="7" timestamp="2020-03-30T11:41:09 CDT" time="15.092" errors="0">
  <testcase name="mosaicCustomerFormSelected" time="0.044" classname="GitProject.AtumationGitProject.HomePageTest">
    <failure type="java.lang.NullPointerException">
      <![CDATA[java.lang.NullPointerException
at GitProject.AtumationGitProject.HomePageTest.mosaicCustomerFormSelected(HomePageTest.java:119)
at java.util.ArrayList.forEach(ArrayList.java:1249)
... Removed 27 stack frames]]>
    </failure>
  </testcase> <!-- mosaicCustomerFormSelected -->
  <testcase name="thirdPartyForm" time="0.006" classname="GitProject.AtumationGitProject.HomePageTest">
    <failure type="java.lang.NullPointerException">
      <![CDATA[java.lang.NullPointerException
at GitProject.AtumationGitProject.HomePageTest.thirdPartyForm(HomePageTest.java:62)
at java.util.ArrayList.forEach(ArrayList.java:1249)
... Removed 27 stack frames]]>
    </failure>
  </testcase> <!-- thirdPartyForm -->
  <testcase name="thirdPartyForm" time="0.001" classname="GitProject.AtumationGitProject.HomePageTest">
    <failure type="java.lang.NullPointerException">
      <![CDATA[java.lang.NullPointerException
at GitProject.AtumationGitProject.HomePageTest.thirdPartyForm(HomePageTest.java:62)
at java.util.ArrayList.forEach(ArrayList.java:1249)
... Removed 27 stack frames]]>
    </failure>
  </testcase> <!-- thirdPartyForm -->
  <testcase name="thirdPartyForm" time="0.002" classname="GitProject.AtumationGitProject.HomePageTest">
    <failure type="java.lang.NullPointerException">
      <![CDATA[java.lang.NullPointerException
at GitProject.AtumationGitProject.HomePageTest.thirdPartyForm(HomePageTest.java:62)
at java.util.ArrayList.forEach(ArrayList.java:1249)
... Removed 27 stack frames]]>
    </failure>
  </testcase> <!-- thirdPartyForm -->
  <testcase name="thirdPartyFormFieldValidation" time="0.001" classname="GitProject.AtumationGitProject.HomePageTest">
    <failure type="java.lang.NullPointerException">
      <![CDATA[java.lang.NullPointerException
at GitProject.AtumationGitProject.HomePageTest.thirdPartyFormFieldValidation(HomePageTest.java:100)
at java.util.ArrayList.forEach(ArrayList.java:1249)
... Removed 27 stack frames]]>
    </failure>
  </testcase> <!-- thirdPartyFormFieldValidation -->
  <testcase name="thirdPartyFormIncomplete" time="0.001" classname="GitProject.AtumationGitProject.HomePageTest">
    <failure type="java.lang.NullPointerException">
      <![CDATA[java.lang.NullPointerException
at GitProject.AtumationGitProject.HomePageTest.thirdPartyFormIncomplete(HomePageTest.java:85)
at java.util.ArrayList.forEach(ArrayList.java:1249)
... Removed 27 stack frames]]>
    </failure>
  </testcase> <!-- thirdPartyFormIncomplete -->
  <testcase name="thirdPartyFormSelected" time="0.029" classname="GitProject.AtumationGitProject.HomePageTest">
    <failure type="java.lang.NullPointerException">
      <![CDATA[java.lang.NullPointerException
at GitProject.AtumationGitProject.HomePageTest.thirdPartyFormSelected(HomePageTest.java:49)
at java.util.ArrayList.forEach(ArrayList.java:1249)
... Removed 27 stack frames]]>
    </failure>
  </testcase> <!-- thirdPartyFormSelected -->
</testsuite> <!-- Test -->
